<?xml version="1.0" encoding="UTF-8"?>
<coverage generated="1582669024641" clover="3.2.0">
  <project timestamp="1582669024641" name="All files">
    <metrics statements="116" coveredstatements="101" conditionals="29" coveredconditionals="23" methods="45" coveredmethods="38" elements="190" coveredelements="162" complexity="0" loc="116" ncloc="116" packages="5" files="12" classes="12"/>
    <package name="actions">
      <metrics statements="55" coveredstatements="55" conditionals="0" coveredconditionals="0" methods="30" coveredmethods="30"/>
      <file name="auth.js" path="/Users/utilisateur/Desktop/beNext/leia/leiamanager/leia_ui/src/actions/auth.js">
        <metrics statements="24" coveredstatements="24" conditionals="0" coveredconditionals="0" methods="16" coveredmethods="16"/>
        <line num="15" count="3" type="stmt"/>
        <line num="17" count="2" type="stmt"/>
        <line num="19" count="2" type="stmt"/>
        <line num="22" count="1" type="stmt"/>
        <line num="28" count="1" type="stmt"/>
        <line num="29" count="1" type="stmt"/>
        <line num="35" count="3" type="stmt"/>
        <line num="36" count="2" type="stmt"/>
        <line num="42" count="2" type="stmt"/>
        <line num="44" count="2" type="stmt"/>
        <line num="47" count="1" type="stmt"/>
        <line num="53" count="1" type="stmt"/>
        <line num="54" count="1" type="stmt"/>
        <line num="60" count="3" type="stmt"/>
        <line num="61" count="2" type="stmt"/>
        <line num="67" count="2" type="stmt"/>
        <line num="69" count="2" type="stmt"/>
        <line num="72" count="1" type="stmt"/>
        <line num="78" count="1" type="stmt"/>
        <line num="79" count="1" type="stmt"/>
        <line num="85" count="3" type="stmt"/>
        <line num="86" count="2" type="stmt"/>
        <line num="89" count="1" type="stmt"/>
        <line num="94" count="1" type="stmt"/>
      </file>
      <file name="leaders.js" path="/Users/utilisateur/Desktop/beNext/leia/leiamanager/leia_ui/src/actions/leaders.js">
        <metrics statements="14" coveredstatements="14" conditionals="0" coveredconditionals="0" methods="12" coveredmethods="12"/>
        <line num="8" count="2" type="stmt"/>
        <line num="9" count="2" type="stmt"/>
        <line num="12" count="1" type="stmt"/>
        <line num="18" count="1" type="stmt"/>
        <line num="23" count="2" type="stmt"/>
        <line num="24" count="2" type="stmt"/>
        <line num="27" count="1" type="stmt"/>
        <line num="28" count="1" type="stmt"/>
        <line num="34" count="1" type="stmt"/>
        <line num="39" count="2" type="stmt"/>
        <line num="40" count="2" type="stmt"/>
        <line num="43" count="1" type="stmt"/>
        <line num="44" count="1" type="stmt"/>
        <line num="50" count="1" type="stmt"/>
      </file>
      <file name="messages.js" path="/Users/utilisateur/Desktop/beNext/leia/leiamanager/leia_ui/src/actions/messages.js">
        <metrics statements="4" coveredstatements="4" conditionals="0" coveredconditionals="0" methods="2" coveredmethods="2"/>
        <line num="4" count="5" type="stmt"/>
        <line num="5" count="3" type="stmt"/>
        <line num="12" count="5" type="stmt"/>
        <line num="13" count="8" type="stmt"/>
      </file>
      <file name="types.js" path="/Users/utilisateur/Desktop/beNext/leia/leiamanager/leia_ui/src/actions/types.js">
        <metrics statements="13" coveredstatements="13" conditionals="0" coveredconditionals="0" methods="0" coveredmethods="0"/>
        <line num="1" count="9" type="stmt"/>
        <line num="2" count="9" type="stmt"/>
        <line num="3" count="9" type="stmt"/>
        <line num="4" count="9" type="stmt"/>
        <line num="5" count="9" type="stmt"/>
        <line num="6" count="9" type="stmt"/>
        <line num="7" count="9" type="stmt"/>
        <line num="8" count="9" type="stmt"/>
        <line num="9" count="9" type="stmt"/>
        <line num="10" count="9" type="stmt"/>
        <line num="11" count="9" type="stmt"/>
        <line num="12" count="9" type="stmt"/>
        <line num="13" count="9" type="stmt"/>
      </file>
    </package>
    <package name="actions.commons">
      <metrics statements="6" coveredstatements="6" conditionals="2" coveredconditionals="2" methods="1" coveredmethods="1"/>
      <file name="params.js" path="/Users/utilisateur/Desktop/beNext/leia/leiamanager/leia_ui/src/actions/commons/params.js">
        <metrics statements="6" coveredstatements="6" conditionals="2" coveredconditionals="2" methods="1" coveredmethods="1"/>
        <line num="1" count="5" type="stmt"/>
        <line num="3" count="11" type="stmt"/>
        <line num="5" count="11" type="stmt"/>
        <line num="11" count="11" type="cond" truecount="2" falsecount="0"/>
        <line num="12" count="10" type="stmt"/>
        <line num="15" count="11" type="stmt"/>
      </file>
    </package>
    <package name="components.accounts">
      <metrics statements="30" coveredstatements="16" conditionals="6" coveredconditionals="2" methods="8" coveredmethods="2"/>
      <file name="Login.js" path="/Users/utilisateur/Desktop/beNext/leia/leiamanager/leia_ui/src/components/accounts/Login.js">
        <metrics statements="13" coveredstatements="8" conditionals="2" coveredconditionals="1" methods="4" coveredmethods="1"/>
        <line num="11" count="1" type="stmt"/>
        <line num="16" count="1" type="stmt"/>
        <line num="21" count="1" type="stmt"/>
        <line num="22" count="0" type="stmt"/>
        <line num="25" count="1" type="stmt"/>
        <line num="26" count="0" type="stmt"/>
        <line num="27" count="0" type="stmt"/>
        <line num="28" count="0" type="stmt"/>
        <line num="32" count="1" type="cond" truecount="1" falsecount="1"/>
        <line num="33" count="0" type="stmt"/>
        <line num="35" count="1" type="stmt"/>
        <line num="36" count="1" type="stmt"/>
        <line num="83" count="1" type="stmt"/>
      </file>
      <file name="Registration.js" path="/Users/utilisateur/Desktop/beNext/leia/leiamanager/leia_ui/src/components/accounts/Registration.js">
        <metrics statements="17" coveredstatements="8" conditionals="4" coveredconditionals="1" methods="4" coveredmethods="1"/>
        <line num="12" count="1" type="stmt"/>
        <line num="19" count="1" type="stmt"/>
        <line num="24" count="1" type="stmt"/>
        <line num="25" count="0" type="stmt"/>
        <line num="28" count="1" type="stmt"/>
        <line num="29" count="0" type="stmt"/>
        <line num="30" count="0" type="stmt"/>
        <line num="31" count="0" type="cond" truecount="0" falsecount="2"/>
        <line num="32" count="0" type="stmt"/>
        <line num="36" count="0" type="stmt"/>
        <line num="37" count="0" type="stmt"/>
        <line num="38" count="0" type="stmt"/>
        <line num="48" count="1" type="cond" truecount="1" falsecount="1"/>
        <line num="49" count="0" type="stmt"/>
        <line num="51" count="1" type="stmt"/>
        <line num="52" count="1" type="stmt"/>
        <line num="115" count="1" type="stmt"/>
      </file>
    </package>
    <package name="reducers">
      <metrics statements="24" coveredstatements="23" conditionals="21" coveredconditionals="19" methods="5" coveredmethods="5"/>
      <file name="LeadersListReducers.js" path="/Users/utilisateur/Desktop/beNext/leia/leiamanager/leia_ui/src/reducers/LeadersListReducers.js">
        <metrics statements="7" coveredstatements="7" conditionals="5" coveredconditionals="5" methods="2" coveredmethods="2"/>
        <line num="3" count="1" type="stmt"/>
        <line num="8" count="4" type="cond" truecount="4" falsecount="0"/>
        <line num="10" count="1" type="stmt"/>
        <line num="15" count="1" type="stmt"/>
        <line num="17" count="2" type="stmt"/>
        <line num="20" count="1" type="stmt"/>
        <line num="25" count="1" type="stmt"/>
      </file>
      <file name="auth.js" path="/Users/utilisateur/Desktop/beNext/leia/leiamanager/leia_ui/src/reducers/auth.js">
        <metrics statements="9" coveredstatements="9" conditionals="10" coveredconditionals="10" methods="1" coveredmethods="1"/>
        <line num="12" count="1" type="stmt"/>
        <line num="20" count="9" type="cond" truecount="9" falsecount="0"/>
        <line num="22" count="1" type="stmt"/>
        <line num="27" count="1" type="stmt"/>
        <line num="35" count="2" type="stmt"/>
        <line num="36" count="2" type="stmt"/>
        <line num="46" count="4" type="stmt"/>
        <line num="47" count="4" type="stmt"/>
        <line num="55" count="1" type="stmt"/>
      </file>
      <file name="errors.js" path="/Users/utilisateur/Desktop/beNext/leia/leiamanager/leia_ui/src/reducers/errors.js">
        <metrics statements="4" coveredstatements="3" conditionals="3" coveredconditionals="1" methods="1" coveredmethods="1"/>
        <line num="3" count="1" type="stmt"/>
        <line num="9" count="2" type="cond" truecount="1" falsecount="1"/>
        <line num="11" count="2" type="stmt"/>
        <line num="16" count="0" type="stmt"/>
      </file>
      <file name="messages.js" path="/Users/utilisateur/Desktop/beNext/leia/leiamanager/leia_ui/src/reducers/messages.js">
        <metrics statements="4" coveredstatements="4" conditionals="3" coveredconditionals="3" methods="1" coveredmethods="1"/>
        <line num="3" count="1" type="stmt"/>
        <line num="6" count="2" type="cond" truecount="2" falsecount="0"/>
        <line num="8" count="1" type="stmt"/>
        <line num="10" count="1" type="stmt"/>
      </file>
    </package>
    <package name="styles">
      <metrics statements="1" coveredstatements="1" conditionals="0" coveredconditionals="0" methods="1" coveredmethods="0"/>
      <file name="Button.js" path="/Users/utilisateur/Desktop/beNext/leia/leiamanager/leia_ui/src/styles/Button.js">
        <metrics statements="1" coveredstatements="1" conditionals="0" coveredconditionals="0" methods="1" coveredmethods="0"/>
        <line num="3" count="2" type="stmt"/>
      </file>
    </package>
  </project>
</coverage>
