{"/Users/utilisateur/Desktop/beNext/leia/leiamanager/leia_ui/src/actions/auth.js": {"path":"/Users/utilisateur/Desktop/beNext/leia/leiamanager/leia_ui/src/actions/auth.js","statementMap":{"0":{"start":{"line":15,"column":24},"end":{"line":33,"column":1}},"1":{"start":{"line":15,"column":30},"end":{"line":33,"column":1}},"2":{"start":{"line":17,"column":2},"end":{"line":17,"column":38}},"3":{"start":{"line":19,"column":2},"end":{"line":32,"column":7}},"4":{"start":{"line":22,"column":6},"end":{"line":25,"column":9}},"5":{"start":{"line":28,"column":6},"end":{"line":28,"column":69}},"6":{"start":{"line":29,"column":6},"end":{"line":31,"column":9}},"7":{"start":{"line":35,"column":25},"end":{"line":58,"column":1}},"8":{"start":{"line":35,"column":49},"end":{"line":58,"column":1}},"9":{"start":{"line":36,"column":23},"end":{"line":40,"column":3}},"10":{"start":{"line":42,"column":31},"end":{"line":42,"column":69}},"11":{"start":{"line":44,"column":2},"end":{"line":57,"column":7}},"12":{"start":{"line":47,"column":6},"end":{"line":50,"column":9}},"13":{"start":{"line":53,"column":6},"end":{"line":53,"column":69}},"14":{"start":{"line":54,"column":6},"end":{"line":56,"column":9}},"15":{"start":{"line":60,"column":32},"end":{"line":83,"column":1}},"16":{"start":{"line":60,"column":67},"end":{"line":83,"column":1}},"17":{"start":{"line":61,"column":23},"end":{"line":65,"column":3}},"18":{"start":{"line":67,"column":31},"end":{"line":67,"column":76}},"19":{"start":{"line":69,"column":2},"end":{"line":82,"column":7}},"20":{"start":{"line":72,"column":6},"end":{"line":75,"column":9}},"21":{"start":{"line":78,"column":6},"end":{"line":78,"column":69}},"22":{"start":{"line":79,"column":6},"end":{"line":81,"column":9}},"23":{"start":{"line":85,"column":26},"end":{"line":96,"column":1}},"24":{"start":{"line":85,"column":32},"end":{"line":96,"column":1}},"25":{"start":{"line":86,"column":2},"end":{"line":95,"column":7}},"26":{"start":{"line":89,"column":6},"end":{"line":91,"column":9}},"27":{"start":{"line":94,"column":6},"end":{"line":94,"column":69}}},"fnMap":{"0":{"name":"(anonymous_0)","decl":{"start":{"line":15,"column":24},"end":{"line":15,"column":25}},"loc":{"start":{"line":15,"column":30},"end":{"line":33,"column":1}},"line":15},"1":{"name":"(anonymous_1)","decl":{"start":{"line":15,"column":30},"end":{"line":15,"column":31}},"loc":{"start":{"line":15,"column":54},"end":{"line":33,"column":1}},"line":15},"2":{"name":"(anonymous_2)","decl":{"start":{"line":21,"column":10},"end":{"line":21,"column":11}},"loc":{"start":{"line":21,"column":17},"end":{"line":26,"column":5}},"line":21},"3":{"name":"(anonymous_3)","decl":{"start":{"line":27,"column":11},"end":{"line":27,"column":12}},"loc":{"start":{"line":27,"column":18},"end":{"line":32,"column":5}},"line":27},"4":{"name":"(anonymous_4)","decl":{"start":{"line":35,"column":25},"end":{"line":35,"column":26}},"loc":{"start":{"line":35,"column":49},"end":{"line":58,"column":1}},"line":35},"5":{"name":"(anonymous_5)","decl":{"start":{"line":35,"column":49},"end":{"line":35,"column":50}},"loc":{"start":{"line":35,"column":61},"end":{"line":58,"column":1}},"line":35},"6":{"name":"(anonymous_6)","decl":{"start":{"line":46,"column":10},"end":{"line":46,"column":11}},"loc":{"start":{"line":46,"column":17},"end":{"line":51,"column":5}},"line":46},"7":{"name":"(anonymous_7)","decl":{"start":{"line":52,"column":11},"end":{"line":52,"column":12}},"loc":{"start":{"line":52,"column":18},"end":{"line":57,"column":5}},"line":52},"8":{"name":"(anonymous_8)","decl":{"start":{"line":60,"column":32},"end":{"line":60,"column":33}},"loc":{"start":{"line":60,"column":67},"end":{"line":83,"column":1}},"line":60},"9":{"name":"(anonymous_9)","decl":{"start":{"line":60,"column":67},"end":{"line":60,"column":68}},"loc":{"start":{"line":60,"column":79},"end":{"line":83,"column":1}},"line":60},"10":{"name":"(anonymous_10)","decl":{"start":{"line":71,"column":10},"end":{"line":71,"column":11}},"loc":{"start":{"line":71,"column":17},"end":{"line":76,"column":5}},"line":71},"11":{"name":"(anonymous_11)","decl":{"start":{"line":77,"column":11},"end":{"line":77,"column":12}},"loc":{"start":{"line":77,"column":18},"end":{"line":82,"column":5}},"line":77},"12":{"name":"(anonymous_12)","decl":{"start":{"line":85,"column":26},"end":{"line":85,"column":27}},"loc":{"start":{"line":85,"column":32},"end":{"line":96,"column":1}},"line":85},"13":{"name":"(anonymous_13)","decl":{"start":{"line":85,"column":32},"end":{"line":85,"column":33}},"loc":{"start":{"line":85,"column":56},"end":{"line":96,"column":1}},"line":85},"14":{"name":"(anonymous_14)","decl":{"start":{"line":88,"column":10},"end":{"line":88,"column":11}},"loc":{"start":{"line":88,"column":17},"end":{"line":92,"column":5}},"line":88},"15":{"name":"(anonymous_15)","decl":{"start":{"line":93,"column":11},"end":{"line":93,"column":12}},"loc":{"start":{"line":93,"column":18},"end":{"line":95,"column":5}},"line":93}},"branchMap":{},"s":{"0":3,"1":2,"2":2,"3":2,"4":1,"5":1,"6":1,"7":3,"8":2,"9":2,"10":2,"11":2,"12":1,"13":1,"14":1,"15":3,"16":2,"17":2,"18":2,"19":2,"20":1,"21":1,"22":1,"23":3,"24":2,"25":2,"26":1,"27":1},"f":{"0":2,"1":2,"2":1,"3":1,"4":2,"5":2,"6":1,"7":1,"8":2,"9":2,"10":1,"11":1,"12":2,"13":2,"14":1,"15":1},"b":{},"_coverageSchema":"1a1c01bbd47fc00a2c39e90264f33305004495a9","hash":"316c23493eeb588d79ee5260e3f5897543217916"}
,"/Users/utilisateur/Desktop/beNext/leia/leiamanager/leia_ui/src/actions/leaders.js": {"path":"/Users/utilisateur/Desktop/beNext/leia/leiamanager/leia_ui/src/actions/leaders.js","statementMap":{"0":{"start":{"line":8,"column":26},"end":{"line":20,"column":1}},"1":{"start":{"line":8,"column":32},"end":{"line":20,"column":1}},"2":{"start":{"line":9,"column":2},"end":{"line":19,"column":6}},"3":{"start":{"line":12,"column":6},"end":{"line":15,"column":9}},"4":{"start":{"line":18,"column":6},"end":{"line":18,"column":68}},"5":{"start":{"line":23,"column":29},"end":{"line":36,"column":1}},"6":{"start":{"line":23,"column":35},"end":{"line":36,"column":1}},"7":{"start":{"line":24,"column":2},"end":{"line":35,"column":6}},"8":{"start":{"line":27,"column":6},"end":{"line":27,"column":71}},"9":{"start":{"line":28,"column":6},"end":{"line":31,"column":9}},"10":{"start":{"line":34,"column":6},"end":{"line":34,"column":68}},"11":{"start":{"line":39,"column":26},"end":{"line":52,"column":1}},"12":{"start":{"line":39,"column":36},"end":{"line":52,"column":1}},"13":{"start":{"line":40,"column":2},"end":{"line":51,"column":6}},"14":{"start":{"line":43,"column":6},"end":{"line":43,"column":69}},"15":{"start":{"line":44,"column":6},"end":{"line":47,"column":9}},"16":{"start":{"line":50,"column":6},"end":{"line":50,"column":68}}},"fnMap":{"0":{"name":"(anonymous_0)","decl":{"start":{"line":8,"column":26},"end":{"line":8,"column":27}},"loc":{"start":{"line":8,"column":32},"end":{"line":20,"column":1}},"line":8},"1":{"name":"(anonymous_1)","decl":{"start":{"line":8,"column":32},"end":{"line":8,"column":33}},"loc":{"start":{"line":8,"column":56},"end":{"line":20,"column":1}},"line":8},"2":{"name":"(anonymous_2)","decl":{"start":{"line":11,"column":10},"end":{"line":11,"column":11}},"loc":{"start":{"line":11,"column":17},"end":{"line":16,"column":5}},"line":11},"3":{"name":"(anonymous_3)","decl":{"start":{"line":17,"column":11},"end":{"line":17,"column":12}},"loc":{"start":{"line":18,"column":6},"end":{"line":18,"column":68}},"line":18},"4":{"name":"(anonymous_4)","decl":{"start":{"line":23,"column":29},"end":{"line":23,"column":30}},"loc":{"start":{"line":23,"column":35},"end":{"line":36,"column":1}},"line":23},"5":{"name":"(anonymous_5)","decl":{"start":{"line":23,"column":35},"end":{"line":23,"column":36}},"loc":{"start":{"line":23,"column":59},"end":{"line":36,"column":1}},"line":23},"6":{"name":"(anonymous_6)","decl":{"start":{"line":26,"column":10},"end":{"line":26,"column":11}},"loc":{"start":{"line":26,"column":17},"end":{"line":32,"column":5}},"line":26},"7":{"name":"(anonymous_7)","decl":{"start":{"line":33,"column":11},"end":{"line":33,"column":12}},"loc":{"start":{"line":34,"column":6},"end":{"line":34,"column":68}},"line":34},"8":{"name":"(anonymous_8)","decl":{"start":{"line":39,"column":26},"end":{"line":39,"column":27}},"loc":{"start":{"line":39,"column":36},"end":{"line":52,"column":1}},"line":39},"9":{"name":"(anonymous_9)","decl":{"start":{"line":39,"column":36},"end":{"line":39,"column":37}},"loc":{"start":{"line":39,"column":60},"end":{"line":52,"column":1}},"line":39},"10":{"name":"(anonymous_10)","decl":{"start":{"line":42,"column":10},"end":{"line":42,"column":11}},"loc":{"start":{"line":42,"column":17},"end":{"line":48,"column":5}},"line":42},"11":{"name":"(anonymous_11)","decl":{"start":{"line":49,"column":11},"end":{"line":49,"column":12}},"loc":{"start":{"line":50,"column":6},"end":{"line":50,"column":68}},"line":50}},"branchMap":{},"s":{"0":1,"1":2,"2":2,"3":1,"4":1,"5":1,"6":2,"7":2,"8":1,"9":1,"10":1,"11":1,"12":2,"13":2,"14":1,"15":1,"16":1},"f":{"0":2,"1":2,"2":1,"3":1,"4":2,"5":2,"6":1,"7":1,"8":2,"9":2,"10":1,"11":1},"b":{},"_coverageSchema":"1a1c01bbd47fc00a2c39e90264f33305004495a9","hash":"952195e3da037398c29ac5f26462134384dfab41"}
,"/Users/utilisateur/Desktop/beNext/leia/leiamanager/leia_ui/src/actions/messages.js": {"path":"/Users/utilisateur/Desktop/beNext/leia/leiamanager/leia_ui/src/actions/messages.js","statementMap":{"0":{"start":{"line":4,"column":31},"end":{"line":9,"column":1}},"1":{"start":{"line":5,"column":2},"end":{"line":8,"column":4}},"2":{"start":{"line":12,"column":28},"end":{"line":17,"column":1}},"3":{"start":{"line":13,"column":2},"end":{"line":16,"column":4}}},"fnMap":{"0":{"name":"(anonymous_0)","decl":{"start":{"line":4,"column":31},"end":{"line":4,"column":32}},"loc":{"start":{"line":4,"column":42},"end":{"line":9,"column":1}},"line":4},"1":{"name":"(anonymous_1)","decl":{"start":{"line":12,"column":28},"end":{"line":12,"column":29}},"loc":{"start":{"line":12,"column":49},"end":{"line":17,"column":1}},"line":12}},"branchMap":{},"s":{"0":5,"1":3,"2":5,"3":8},"f":{"0":3,"1":8},"b":{},"_coverageSchema":"1a1c01bbd47fc00a2c39e90264f33305004495a9","hash":"46ae65e33be3d3eb7af00b6009dfec97bff933e9"}
,"/Users/utilisateur/Desktop/beNext/leia/leiamanager/leia_ui/src/actions/types.js": {"path":"/Users/utilisateur/Desktop/beNext/leia/leiamanager/leia_ui/src/actions/types.js","statementMap":{"0":{"start":{"line":1,"column":27},"end":{"line":1,"column":40}},"1":{"start":{"line":2,"column":30},"end":{"line":2,"column":46}},"2":{"start":{"line":3,"column":27},"end":{"line":3,"column":40}},"3":{"start":{"line":4,"column":26},"end":{"line":4,"column":38}},"4":{"start":{"line":5,"column":28},"end":{"line":5,"column":42}},"5":{"start":{"line":6,"column":31},"end":{"line":6,"column":48}},"6":{"start":{"line":7,"column":30},"end":{"line":7,"column":46}},"7":{"start":{"line":8,"column":26},"end":{"line":8,"column":38}},"8":{"start":{"line":9,"column":29},"end":{"line":9,"column":44}},"9":{"start":{"line":10,"column":28},"end":{"line":10,"column":42}},"10":{"start":{"line":11,"column":30},"end":{"line":11,"column":46}},"11":{"start":{"line":12,"column":36},"end":{"line":12,"column":58}},"12":{"start":{"line":13,"column":35},"end":{"line":13,"column":56}}},"fnMap":{},"branchMap":{},"s":{"0":9,"1":9,"2":9,"3":9,"4":9,"5":9,"6":9,"7":9,"8":9,"9":9,"10":9,"11":9,"12":9},"f":{},"b":{},"_coverageSchema":"1a1c01bbd47fc00a2c39e90264f33305004495a9","hash":"6d8481dfed7710a8fb283f0d212a81247a94f88e"}
,"/Users/utilisateur/Desktop/beNext/leia/leiamanager/leia_ui/src/actions/commons/params.js": {"path":"/Users/utilisateur/Desktop/beNext/leia/leiamanager/leia_ui/src/actions/commons/params.js","statementMap":{"0":{"start":{"line":1,"column":31},"end":{"line":16,"column":1}},"1":{"start":{"line":3,"column":16},"end":{"line":3,"column":37}},"2":{"start":{"line":5,"column":23},"end":{"line":9,"column":3}},"3":{"start":{"line":11,"column":2},"end":{"line":13,"column":3}},"4":{"start":{"line":12,"column":4},"end":{"line":12,"column":61}},"5":{"start":{"line":15,"column":2},"end":{"line":15,"column":22}}},"fnMap":{"0":{"name":"(anonymous_0)","decl":{"start":{"line":1,"column":31},"end":{"line":1,"column":32}},"loc":{"start":{"line":1,"column":43},"end":{"line":16,"column":1}},"line":1}},"branchMap":{"0":{"loc":{"start":{"line":11,"column":2},"end":{"line":13,"column":3}},"type":"if","locations":[{"start":{"line":11,"column":2},"end":{"line":13,"column":3}},{"start":{"line":11,"column":2},"end":{"line":13,"column":3}}],"line":11}},"s":{"0":5,"1":11,"2":11,"3":11,"4":10,"5":11},"f":{"0":11},"b":{"0":[10,1]},"_coverageSchema":"1a1c01bbd47fc00a2c39e90264f33305004495a9","hash":"789f205a22a8572a5bd6495163f52ea7e1dda366"}
,"/Users/utilisateur/Desktop/beNext/leia/leiamanager/leia_ui/src/components/accounts/Login.js": {"path":"/Users/utilisateur/Desktop/beNext/leia/leiamanager/leia_ui/src/components/accounts/Login.js","statementMap":{"0":{"start":{"line":11,"column":10},"end":{"line":14,"column":3}},"1":{"start":{"line":16,"column":21},"end":{"line":19,"column":3}},"2":{"start":{"line":21,"column":19},"end":{"line":23,"column":3}},"3":{"start":{"line":22,"column":4},"end":{"line":22,"column":55}},"4":{"start":{"line":25,"column":19},"end":{"line":29,"column":3}},"5":{"start":{"line":26,"column":4},"end":{"line":26,"column":23}},"6":{"start":{"line":27,"column":35},"end":{"line":27,"column":45}},"7":{"start":{"line":28,"column":4},"end":{"line":28,"column":45}},"8":{"start":{"line":32,"column":4},"end":{"line":34,"column":5}},"9":{"start":{"line":33,"column":6},"end":{"line":33,"column":33}},"10":{"start":{"line":35,"column":35},"end":{"line":35,"column":45}},"11":{"start":{"line":36,"column":4},"end":{"line":79,"column":6}},"12":{"start":{"line":83,"column":24},"end":{"line":85,"column":2}},"13":{"start":{"line":83,"column":34},"end":{"line":85,"column":1}}},"fnMap":{"0":{"name":"(anonymous_0)","decl":{"start":{"line":21,"column":19},"end":{"line":21,"column":20}},"loc":{"start":{"line":21,"column":24},"end":{"line":23,"column":3}},"line":21},"1":{"name":"(anonymous_1)","decl":{"start":{"line":25,"column":19},"end":{"line":25,"column":20}},"loc":{"start":{"line":25,"column":24},"end":{"line":29,"column":3}},"line":25},"2":{"name":"(anonymous_2)","decl":{"start":{"line":31,"column":2},"end":{"line":31,"column":3}},"loc":{"start":{"line":31,"column":11},"end":{"line":80,"column":3}},"line":31},"3":{"name":"(anonymous_3)","decl":{"start":{"line":83,"column":24},"end":{"line":83,"column":25}},"loc":{"start":{"line":83,"column":34},"end":{"line":85,"column":1}},"line":83}},"branchMap":{"0":{"loc":{"start":{"line":32,"column":4},"end":{"line":34,"column":5}},"type":"if","locations":[{"start":{"line":32,"column":4},"end":{"line":34,"column":5}},{"start":{"line":32,"column":4},"end":{"line":34,"column":5}}],"line":32}},"s":{"0":1,"1":1,"2":1,"3":0,"4":1,"5":0,"6":0,"7":0,"8":1,"9":0,"10":1,"11":1,"12":1,"13":0},"f":{"0":0,"1":0,"2":1,"3":0},"b":{"0":[0,1]},"_coverageSchema":"1a1c01bbd47fc00a2c39e90264f33305004495a9","hash":"18ca724b62ecd9e18744a5f31f9bed6b73a746b2"}
,"/Users/utilisateur/Desktop/beNext/leia/leiamanager/leia_ui/src/components/accounts/Registration.js": {"path":"/Users/utilisateur/Desktop/beNext/leia/leiamanager/leia_ui/src/components/accounts/Registration.js","statementMap":{"0":{"start":{"line":12,"column":10},"end":{"line":17,"column":3}},"1":{"start":{"line":19,"column":21},"end":{"line":22,"column":3}},"2":{"start":{"line":24,"column":19},"end":{"line":26,"column":3}},"3":{"start":{"line":25,"column":4},"end":{"line":25,"column":55}},"4":{"start":{"line":28,"column":19},"end":{"line":45,"column":3}},"5":{"start":{"line":29,"column":4},"end":{"line":29,"column":23}},"6":{"start":{"line":30,"column":53},"end":{"line":30,"column":63}},"7":{"start":{"line":31,"column":4},"end":{"line":44,"column":5}},"8":{"start":{"line":32,"column":6},"end":{"line":34,"column":9}},"9":{"start":{"line":36,"column":29},"end":{"line":36,"column":58}},"10":{"start":{"line":37,"column":6},"end":{"line":37,"column":50}},"11":{"start":{"line":38,"column":6},"end":{"line":43,"column":9}},"12":{"start":{"line":48,"column":4},"end":{"line":50,"column":5}},"13":{"start":{"line":49,"column":6},"end":{"line":49,"column":33}},"14":{"start":{"line":51,"column":53},"end":{"line":51,"column":63}},"15":{"start":{"line":52,"column":4},"end":{"line":111,"column":6}},"16":{"start":{"line":115,"column":24},"end":{"line":117,"column":2}},"17":{"start":{"line":115,"column":34},"end":{"line":117,"column":1}}},"fnMap":{"0":{"name":"(anonymous_0)","decl":{"start":{"line":24,"column":19},"end":{"line":24,"column":20}},"loc":{"start":{"line":24,"column":24},"end":{"line":26,"column":3}},"line":24},"1":{"name":"(anonymous_1)","decl":{"start":{"line":28,"column":19},"end":{"line":28,"column":20}},"loc":{"start":{"line":28,"column":24},"end":{"line":45,"column":3}},"line":28},"2":{"name":"(anonymous_2)","decl":{"start":{"line":47,"column":2},"end":{"line":47,"column":3}},"loc":{"start":{"line":47,"column":11},"end":{"line":112,"column":3}},"line":47},"3":{"name":"(anonymous_3)","decl":{"start":{"line":115,"column":24},"end":{"line":115,"column":25}},"loc":{"start":{"line":115,"column":34},"end":{"line":117,"column":1}},"line":115}},"branchMap":{"0":{"loc":{"start":{"line":31,"column":4},"end":{"line":44,"column":5}},"type":"if","locations":[{"start":{"line":31,"column":4},"end":{"line":44,"column":5}},{"start":{"line":31,"column":4},"end":{"line":44,"column":5}}],"line":31},"1":{"loc":{"start":{"line":48,"column":4},"end":{"line":50,"column":5}},"type":"if","locations":[{"start":{"line":48,"column":4},"end":{"line":50,"column":5}},{"start":{"line":48,"column":4},"end":{"line":50,"column":5}}],"line":48}},"s":{"0":1,"1":1,"2":1,"3":0,"4":1,"5":0,"6":0,"7":0,"8":0,"9":0,"10":0,"11":0,"12":1,"13":0,"14":1,"15":1,"16":1,"17":0},"f":{"0":0,"1":0,"2":1,"3":0},"b":{"0":[0,0],"1":[0,1]},"_coverageSchema":"1a1c01bbd47fc00a2c39e90264f33305004495a9","hash":"d6b0b808820c72f1561ca2b8e07e798b98abbf74"}
,"/Users/utilisateur/Desktop/beNext/leia/leiamanager/leia_ui/src/reducers/LeadersListReducers.js": {"path":"/Users/utilisateur/Desktop/beNext/leia/leiamanager/leia_ui/src/reducers/LeadersListReducers.js","statementMap":{"0":{"start":{"line":3,"column":21},"end":{"line":5,"column":1}},"1":{"start":{"line":8,"column":2},"end":{"line":26,"column":3}},"2":{"start":{"line":10,"column":6},"end":{"line":13,"column":8}},"3":{"start":{"line":15,"column":6},"end":{"line":18,"column":8}},"4":{"start":{"line":17,"column":48},"end":{"line":17,"column":76}},"5":{"start":{"line":20,"column":6},"end":{"line":23,"column":8}},"6":{"start":{"line":25,"column":6},"end":{"line":25,"column":19}}},"fnMap":{"0":{"name":"(anonymous_0)","decl":{"start":{"line":7,"column":15},"end":{"line":7,"column":16}},"loc":{"start":{"line":7,"column":54},"end":{"line":27,"column":1}},"line":7},"1":{"name":"(anonymous_1)","decl":{"start":{"line":17,"column":38},"end":{"line":17,"column":39}},"loc":{"start":{"line":17,"column":48},"end":{"line":17,"column":76}},"line":17}},"branchMap":{"0":{"loc":{"start":{"line":7,"column":24},"end":{"line":7,"column":44}},"type":"default-arg","locations":[{"start":{"line":7,"column":32},"end":{"line":7,"column":44}}],"line":7},"1":{"loc":{"start":{"line":8,"column":2},"end":{"line":26,"column":3}},"type":"switch","locations":[{"start":{"line":9,"column":4},"end":{"line":13,"column":8}},{"start":{"line":14,"column":4},"end":{"line":18,"column":8}},{"start":{"line":19,"column":4},"end":{"line":23,"column":8}},{"start":{"line":24,"column":4},"end":{"line":25,"column":19}}],"line":8}},"s":{"0":1,"1":4,"2":1,"3":1,"4":2,"5":1,"6":1},"f":{"0":4,"1":2},"b":{"0":[1],"1":[1,1,1,1]},"_coverageSchema":"1a1c01bbd47fc00a2c39e90264f33305004495a9","hash":"b8d03439059a71e604689967f4c380003917a891"}
,"/Users/utilisateur/Desktop/beNext/leia/leiamanager/leia_ui/src/reducers/auth.js": {"path":"/Users/utilisateur/Desktop/beNext/leia/leiamanager/leia_ui/src/reducers/auth.js","statementMap":{"0":{"start":{"line":12,"column":21},"end":{"line":17,"column":1}},"1":{"start":{"line":20,"column":2},"end":{"line":56,"column":3}},"2":{"start":{"line":22,"column":6},"end":{"line":25,"column":8}},"3":{"start":{"line":27,"column":6},"end":{"line":32,"column":8}},"4":{"start":{"line":35,"column":6},"end":{"line":35,"column":58}},"5":{"start":{"line":36,"column":6},"end":{"line":41,"column":8}},"6":{"start":{"line":46,"column":6},"end":{"line":46,"column":39}},"7":{"start":{"line":47,"column":6},"end":{"line":53,"column":8}},"8":{"start":{"line":55,"column":6},"end":{"line":55,"column":19}}},"fnMap":{"0":{"name":"(anonymous_0)","decl":{"start":{"line":19,"column":15},"end":{"line":19,"column":16}},"loc":{"start":{"line":19,"column":54},"end":{"line":57,"column":1}},"line":19}},"branchMap":{"0":{"loc":{"start":{"line":19,"column":24},"end":{"line":19,"column":44}},"type":"default-arg","locations":[{"start":{"line":19,"column":32},"end":{"line":19,"column":44}}],"line":19},"1":{"loc":{"start":{"line":20,"column":2},"end":{"line":56,"column":3}},"type":"switch","locations":[{"start":{"line":21,"column":4},"end":{"line":25,"column":8}},{"start":{"line":26,"column":4},"end":{"line":32,"column":8}},{"start":{"line":33,"column":4},"end":{"line":33,"column":23}},{"start":{"line":34,"column":4},"end":{"line":41,"column":8}},{"start":{"line":42,"column":4},"end":{"line":42,"column":20}},{"start":{"line":43,"column":4},"end":{"line":43,"column":22}},{"start":{"line":44,"column":4},"end":{"line":44,"column":24}},{"start":{"line":45,"column":4},"end":{"line":53,"column":8}},{"start":{"line":54,"column":4},"end":{"line":55,"column":19}}],"line":20}},"s":{"0":1,"1":9,"2":1,"3":1,"4":2,"5":2,"6":4,"7":4,"8":1},"f":{"0":9},"b":{"0":[1],"1":[1,1,1,2,1,2,3,4,1]},"_coverageSchema":"1a1c01bbd47fc00a2c39e90264f33305004495a9","hash":"9d3d1e8daf66a17d2be792045ed9505a0c069336"}
,"/Users/utilisateur/Desktop/beNext/leia/leiamanager/leia_ui/src/reducers/errors.js": {"path":"/Users/utilisateur/Desktop/beNext/leia/leiamanager/leia_ui/src/reducers/errors.js","statementMap":{"0":{"start":{"line":3,"column":21},"end":{"line":6,"column":1}},"1":{"start":{"line":9,"column":2},"end":{"line":17,"column":3}},"2":{"start":{"line":11,"column":6},"end":{"line":14,"column":8}},"3":{"start":{"line":16,"column":6},"end":{"line":16,"column":19}}},"fnMap":{"0":{"name":"(anonymous_0)","decl":{"start":{"line":8,"column":15},"end":{"line":8,"column":16}},"loc":{"start":{"line":8,"column":54},"end":{"line":18,"column":1}},"line":8}},"branchMap":{"0":{"loc":{"start":{"line":8,"column":24},"end":{"line":8,"column":44}},"type":"default-arg","locations":[{"start":{"line":8,"column":32},"end":{"line":8,"column":44}}],"line":8},"1":{"loc":{"start":{"line":9,"column":2},"end":{"line":17,"column":3}},"type":"switch","locations":[{"start":{"line":10,"column":4},"end":{"line":14,"column":8}},{"start":{"line":15,"column":4},"end":{"line":16,"column":19}}],"line":9}},"s":{"0":1,"1":2,"2":2,"3":0},"f":{"0":2},"b":{"0":[0],"1":[2,0]},"_coverageSchema":"1a1c01bbd47fc00a2c39e90264f33305004495a9","hash":"d36f535dfdb989d3b5e305bad6d3b148d0150dde"}
,"/Users/utilisateur/Desktop/beNext/leia/leiamanager/leia_ui/src/reducers/messages.js": {"path":"/Users/utilisateur/Desktop/beNext/leia/leiamanager/leia_ui/src/reducers/messages.js","statementMap":{"0":{"start":{"line":3,"column":21},"end":{"line":3,"column":23}},"1":{"start":{"line":6,"column":2},"end":{"line":11,"column":3}},"2":{"start":{"line":8,"column":6},"end":{"line":8,"column":38}},"3":{"start":{"line":10,"column":6},"end":{"line":10,"column":19}}},"fnMap":{"0":{"name":"(anonymous_0)","decl":{"start":{"line":5,"column":15},"end":{"line":5,"column":16}},"loc":{"start":{"line":5,"column":54},"end":{"line":12,"column":1}},"line":5}},"branchMap":{"0":{"loc":{"start":{"line":5,"column":24},"end":{"line":5,"column":44}},"type":"default-arg","locations":[{"start":{"line":5,"column":32},"end":{"line":5,"column":44}}],"line":5},"1":{"loc":{"start":{"line":6,"column":2},"end":{"line":11,"column":3}},"type":"switch","locations":[{"start":{"line":7,"column":4},"end":{"line":8,"column":38}},{"start":{"line":9,"column":4},"end":{"line":10,"column":19}}],"line":6}},"s":{"0":1,"1":2,"2":1,"3":1},"f":{"0":2},"b":{"0":[1],"1":[1,1]},"_coverageSchema":"1a1c01bbd47fc00a2c39e90264f33305004495a9","hash":"b28b9dde7282bf30db0f0cded0cc06783e328f4a"}
,"/Users/utilisateur/Desktop/beNext/leia/leiamanager/leia_ui/src/styles/Button.js": {"path":"/Users/utilisateur/Desktop/beNext/leia/leiamanager/leia_ui/src/styles/Button.js","statementMap":{"0":{"start":{"line":3,"column":25},"end":{"line":7,"column":3}},"1":{"start":{"line":3,"column":46},"end":{"line":7,"column":1}}},"fnMap":{"0":{"name":"(anonymous_0)","decl":{"start":{"line":3,"column":36},"end":{"line":3,"column":37}},"loc":{"start":{"line":3,"column":46},"end":{"line":7,"column":1}},"line":3}},"branchMap":{},"s":{"0":2,"1":0},"f":{"0":0},"b":{},"_coverageSchema":"1a1c01bbd47fc00a2c39e90264f33305004495a9","hash":"f0e2423e2ff56ca3ec733f8157972fc91110225e"}
}
