TN:
SF:leiamanager/leia_ui/src/actions/auth.js
FN:15,(anonymous_0)
FN:15,(anonymous_1)
FN:21,(anonymous_2)
FN:27,(anonymous_3)
FN:35,(anonymous_4)
FN:35,(anonymous_5)
FN:46,(anonymous_6)
FN:52,(anonymous_7)
FN:60,(anonymous_8)
FN:60,(anonymous_9)
FN:71,(anonymous_10)
FN:77,(anonymous_11)
FN:85,(anonymous_12)
FN:85,(anonymous_13)
FN:88,(anonymous_14)
FN:93,(anonymous_15)
FNF:16
FNH:16
FNDA:2,(anonymous_0)
FNDA:2,(anonymous_1)
FNDA:1,(anonymous_2)
FNDA:1,(anonymous_3)
FNDA:2,(anonymous_4)
FNDA:2,(anonymous_5)
FNDA:1,(anonymous_6)
FNDA:1,(anonymous_7)
FNDA:2,(anonymous_8)
FNDA:2,(anonymous_9)
FNDA:1,(anonymous_10)
FNDA:1,(anonymous_11)
FNDA:2,(anonymous_12)
FNDA:2,(anonymous_13)
FNDA:1,(anonymous_14)
FNDA:1,(anonymous_15)
DA:15,3
DA:17,2
DA:19,2
DA:22,1
DA:28,1
DA:29,1
DA:35,3
DA:36,2
DA:42,2
DA:44,2
DA:47,1
DA:53,1
DA:54,1
DA:60,3
DA:61,2
DA:67,2
DA:69,2
DA:72,1
DA:78,1
DA:79,1
DA:85,3
DA:86,2
DA:89,1
DA:94,1
LF:24
LH:24
BRF:0
BRH:0
end_of_record
TN:
SF:leiamanager/leia_ui/src/actions/leaders.js
FN:8,(anonymous_0)
FN:8,(anonymous_1)
FN:11,(anonymous_2)
FN:17,(anonymous_3)
FN:23,(anonymous_4)
FN:23,(anonymous_5)
FN:26,(anonymous_6)
FN:33,(anonymous_7)
FN:39,(anonymous_8)
FN:39,(anonymous_9)
FN:42,(anonymous_10)
FN:49,(anonymous_11)
FNF:12
FNH:12
FNDA:2,(anonymous_0)
FNDA:2,(anonymous_1)
FNDA:1,(anonymous_2)
FNDA:1,(anonymous_3)
FNDA:2,(anonymous_4)
FNDA:2,(anonymous_5)
FNDA:1,(anonymous_6)
FNDA:1,(anonymous_7)
FNDA:2,(anonymous_8)
FNDA:2,(anonymous_9)
FNDA:1,(anonymous_10)
FNDA:1,(anonymous_11)
DA:8,2
DA:9,2
DA:12,1
DA:18,1
DA:23,2
DA:24,2
DA:27,1
DA:28,1
DA:34,1
DA:39,2
DA:40,2
DA:43,1
DA:44,1
DA:50,1
LF:14
LH:14
BRF:0
BRH:0
end_of_record
TN:
SF:leiamanager/leia_ui/src/actions/messages.js
FN:4,(anonymous_0)
FN:12,(anonymous_1)
FNF:2
FNH:2
FNDA:3,(anonymous_0)
FNDA:8,(anonymous_1)
DA:4,5
DA:5,3
DA:12,5
DA:13,8
LF:4
LH:4
BRF:0
BRH:0
end_of_record
TN:
SF:leiamanager/leia_ui/src/actions/types.js
FNF:0
FNH:0
DA:1,9
DA:2,9
DA:3,9
DA:4,9
DA:5,9
DA:6,9
DA:7,9
DA:8,9
DA:9,9
DA:10,9
DA:11,9
DA:12,9
DA:13,9
LF:13
LH:13
BRF:0
BRH:0
end_of_record
TN:
SF:leiamanager/leia_ui/src/actions/commons/params.js
FN:1,(anonymous_0)
FNF:1
FNH:1
FNDA:11,(anonymous_0)
DA:1,5
DA:3,11
DA:5,11
DA:11,11
DA:12,10
DA:15,11
LF:6
LH:6
BRDA:11,0,0,10
BRDA:11,0,1,1
BRF:2
BRH:2
end_of_record
TN:
SF:leiamanager/leia_ui/src/components/accounts/Login.js
FN:21,(anonymous_0)
FN:25,(anonymous_1)
FN:31,(anonymous_2)
FN:83,(anonymous_3)
FNF:4
FNH:1
FNDA:0,(anonymous_0)
FNDA:0,(anonymous_1)
FNDA:1,(anonymous_2)
FNDA:0,(anonymous_3)
DA:11,1
DA:16,1
DA:21,1
DA:22,0
DA:25,1
DA:26,0
DA:27,0
DA:28,0
DA:32,1
DA:33,0
DA:35,1
DA:36,1
DA:83,1
LF:13
LH:8
BRDA:32,0,0,0
BRDA:32,0,1,1
BRF:2
BRH:1
end_of_record
TN:
SF:leiamanager/leia_ui/src/components/accounts/Registration.js
FN:24,(anonymous_0)
FN:28,(anonymous_1)
FN:47,(anonymous_2)
FN:115,(anonymous_3)
FNF:4
FNH:1
FNDA:0,(anonymous_0)
FNDA:0,(anonymous_1)
FNDA:1,(anonymous_2)
FNDA:0,(anonymous_3)
DA:12,1
DA:19,1
DA:24,1
DA:25,0
DA:28,1
DA:29,0
DA:30,0
DA:31,0
DA:32,0
DA:36,0
DA:37,0
DA:38,0
DA:48,1
DA:49,0
DA:51,1
DA:52,1
DA:115,1
LF:17
LH:8
BRDA:31,0,0,0
BRDA:31,0,1,0
BRDA:48,1,0,0
BRDA:48,1,1,1
BRF:4
BRH:1
end_of_record
TN:
SF:leiamanager/leia_ui/src/reducers/LeadersListReducers.js
FN:7,(anonymous_0)
FN:17,(anonymous_1)
FNF:2
FNH:2
FNDA:4,(anonymous_0)
FNDA:2,(anonymous_1)
DA:3,1
DA:8,4
DA:10,1
DA:15,1
DA:17,2
DA:20,1
DA:25,1
LF:7
LH:7
BRDA:7,0,0,1
BRDA:8,1,0,1
BRDA:8,1,1,1
BRDA:8,1,2,1
BRDA:8,1,3,1
BRF:5
BRH:5
end_of_record
TN:
SF:leiamanager/leia_ui/src/reducers/auth.js
FN:19,(anonymous_0)
FNF:1
FNH:1
FNDA:9,(anonymous_0)
DA:12,1
DA:20,9
DA:22,1
DA:27,1
DA:35,2
DA:36,2
DA:46,4
DA:47,4
DA:55,1
LF:9
LH:9
BRDA:19,0,0,1
BRDA:20,1,0,1
BRDA:20,1,1,1
BRDA:20,1,2,1
BRDA:20,1,3,2
BRDA:20,1,4,1
BRDA:20,1,5,2
BRDA:20,1,6,3
BRDA:20,1,7,4
BRDA:20,1,8,1
BRF:10
BRH:10
end_of_record
TN:
SF:leiamanager/leia_ui/src/reducers/errors.js
FN:8,(anonymous_0)
FNF:1
FNH:1
FNDA:2,(anonymous_0)
DA:3,1
DA:9,2
DA:11,2
DA:16,0
LF:4
LH:3
BRDA:8,0,0,0
BRDA:9,1,0,2
BRDA:9,1,1,0
BRF:3
BRH:1
end_of_record
TN:
SF:leiamanager/leia_ui/src/reducers/messages.js
FN:5,(anonymous_0)
FNF:1
FNH:1
FNDA:2,(anonymous_0)
DA:3,1
DA:6,2
DA:8,1
DA:10,1
LF:4
LH:4
BRDA:5,0,0,1
BRDA:6,1,0,1
BRDA:6,1,1,1
BRF:3
BRH:3
end_of_record
TN:
SF:leiamanager/leia_ui/src/styles/Button.js
FN:3,(anonymous_0)
FNF:1
FNH:0
FNDA:0,(anonymous_0)
DA:3,2
LF:1
LH:1
BRF:0
BRH:0
end_of_record
